<?xml version="1.0" encoding="UTF-8"?>
<!-- Generated by org.testng.reporters.JUnitReportReporter -->
<testsuite hostname="DESKTOP-VE8V3VS" failures="0" tests="8" name="com.automation.tests.AutomationScripts" time="110.726" errors="0" timestamp="2023-08-11T14:19:07 CDT" skipped="0">
  <testcase classname="com.automation.tests.AutomationScripts" name="login_to_salesforce_login_success_testscript" time="6.281"/>
  <system-out/>
  <testcase classname="com.automation.tests.AutomationScripts" name="login_to_salesforce_no_password_error_message_check_testscript" time="4.506"/>
  <system-out/>
  <testcase classname="com.automation.tests.AutomationScripts" name="create_new_contact_to_salesforce_testscript" time="11.858"/>
  <system-out/>
  <testcase classname="com.automation.tests.AutomationScripts" name="create_new_view_in_contacts_to_salesforce_testscript" time="10.431"/>
  <system-out/>
  <testcase classname="com.automation.tests.AutomationScripts" name="cancelClickInCreateNewContacts_in_contacts_to_salesforce_testscript" time="11.422"/>
  <system-out/>
  <testcase classname="com.automation.tests.AutomationScripts" name="recentlyCreatedContactCheck_to_salesforce_testscript" time="9.378"/>
  <system-out/>
  <testcase classname="com.automation.tests.AutomationScripts" name="phoneAddInUserProfilePage_to_salesforce_testscript" time="38.135"/>
  <system-out/>
  <testcase classname="com.automation.tests.AutomationScripts" name="myProfilePageOverviewEditLastName_to_salesforce_testscript" time="18.715"/>
  <system-out/>
</testsuite> <!-- com.automation.tests.AutomationScripts -->
